<?xml version="1.0" encoding="utf-8"?><testsuites name="pytest tests"><testsuite name="pytest" errors="0" failures="0" skipped="2" tests="8" time="2.287" timestamp="2026-03-04T18:18:31.547361+00:00" hostname="agent-env-e04ee53a-823d-41c5-9305-5d395b73e04a"><testcase classname="tests.test_reading_streaks.TestReadingStreaksFeature" name="test_get_reading_stats_returns_streak_and_best_streak" time="0.585" /><testcase classname="tests.test_reading_streaks.TestReadingStreaksFeature" name="test_record_reading_updates_streak" time="0.220" /><testcase classname="tests.test_reading_streaks.TestReadingStreaksFeature" name="test_record_reading_returns_badge_fields" time="0.142" /><testcase classname="tests.test_reading_streaks.TestReadingStreaksFeature" name="test_reading_stats_requires_auth" time="0.141" /><testcase classname="tests.test_reading_streaks.TestReadingStreaksFeature" name="test_record_reading_requires_auth" time="0.110" /><testcase classname="tests.test_reading_streaks.TestReadingStreaksFeature" name="test_badge_definitions_in_response" time="0.107" /><testcase classname="tests.test_reading_streaks.TestBookShareFeature" name="test_public_book_access_no_auth_required" time="0.784"><skipped type="pytest.skip" message="No books available to test public access">/app/backend/tests/test_reading_streaks.py:226: No books available to test public access</skipped></testcase><testcase classname="tests.test_reading_streaks.TestBookShareFeature" name="test_book_by_id_endpoint_exists" time="0.133"><skipped type="pytest.skip" message="No books available to test">/app/backend/tests/test_reading_streaks.py:258: No books available to test</skipped></testcase></testsuite></testsuites>