<?xml version="1.0" encoding="utf-8"?><testsuites name="pytest tests"><testsuite name="pytest" errors="0" failures="0" skipped="0" tests="11" time="5.397" timestamp="2026-03-06T10:06:11.695538+00:00" hostname="agent-env-1c0cb8da-d354-4dbb-adbb-a83490929edd"><testcase classname="tests.test_ai_story_bugfix_iter49.TestAuth" name="test_login_success" time="0.378" /><testcase classname="tests.test_ai_story_bugfix_iter49.TestAIStoryBugFix" name="test_existing_ai_book_has_pages" time="0.431" /><testcase classname="tests.test_ai_story_bugfix_iter49.TestAIStoryBugFix" name="test_book_full_returns_all_pages" time="0.447" /><testcase classname="tests.test_ai_story_bugfix_iter49.TestAIStoryBugFix" name="test_page_data_structure" time="0.481" /><testcase classname="tests.test_ai_story_bugfix_iter49.TestAIStoryGenerationEndpoints" name="test_generate_story_async_endpoint_exists" time="0.548" /><testcase classname="tests.test_ai_story_bugfix_iter49.TestAIStoryGenerationEndpoints" name="test_job_status_endpoint_exists" time="0.457" /><testcase classname="tests.test_ai_story_bugfix_iter49.TestAIStoryGenerationEndpoints" name="test_active_jobs_endpoint" time="0.436" /><testcase classname="tests.test_ai_story_bugfix_iter49.TestAIStoryGenerationEndpoints" name="test_job_history_endpoint" time="0.426" /><testcase classname="tests.test_ai_story_bugfix_iter49.TestBookRetrievalMultipleSources" name="test_get_my_books" time="0.809" /><testcase classname="tests.test_ai_story_bugfix_iter49.TestBookRetrievalMultipleSources" name="test_ai_book_pages_linked_by_book_id" time="0.430" /><testcase classname="tests.test_ai_story_bugfix_iter49" name="test_critical_bug_fix" time="0.481" /></testsuite></testsuites>