<?xml version="1.0" encoding="utf-8"?><testsuites name="pytest tests"><testsuite name="pytest" errors="0" failures="0" skipped="0" tests="17" time="26.241" timestamp="2026-02-22T23:31:45.180179+00:00" hostname="agent-env-0e7fc537-42b3-400b-9512-83b1c635c20a"><testcase classname="backend.tests.test_pro_studio_iter27.TestProStudioAuthSetup" name="test_login_and_verify_pro" time="0.620" /><testcase classname="backend.tests.test_pro_studio_iter27.TestCharacterCreation" name="test_create_character_description_only" time="7.508" /><testcase classname="backend.tests.test_pro_studio_iter27.TestCharacterCreation" name="test_create_character_with_images_only" time="1.354" /><testcase classname="backend.tests.test_pro_studio_iter27.TestCharacterCreation" name="test_create_character_with_both" time="1.505" /><testcase classname="backend.tests.test_pro_studio_iter27.TestCharacterCreation" name="test_create_character_requires_name_or_description" time="0.105" /><testcase classname="backend.tests.test_pro_studio_iter27.TestCharacterCRUD" name="test_get_characters_list" time="0.456" /><testcase classname="backend.tests.test_pro_studio_iter27.TestCharacterCRUD" name="test_get_character_by_id" time="2.038" /><testcase classname="backend.tests.test_pro_studio_iter27.TestCharacterCRUD" name="test_update_character" time="0.285" /><testcase classname="backend.tests.test_pro_studio_iter27.TestThumbnailRegeneration" name="test_regenerate_thumbnail" time="4.602" /><testcase classname="backend.tests.test_pro_studio_iter27.TestCharacterGallery" name="test_get_character_gallery_empty" time="3.158" /><testcase classname="backend.tests.test_pro_studio_iter27.TestCharacterGallery" name="test_add_to_character_gallery" time="0.285" /><testcase classname="backend.tests.test_pro_studio_iter27.TestCharacterGallery" name="test_gallery_requires_image_url" time="0.127" /><testcase classname="backend.tests.test_pro_studio_iter27.TestCharacterDelete" name="test_delete_character" time="2.539" /><testcase classname="backend.tests.test_pro_studio_iter27.TestCharacterDelete" name="test_delete_nonexistent_character" time="0.123" /><testcase classname="backend.tests.test_pro_studio_iter27.TestCharacterStyles" name="test_get_character_styles" time="0.113" /><testcase classname="backend.tests.test_pro_studio_iter27.TestCharacterStyles" name="test_get_character_genres" time="0.110" /><testcase classname="backend.tests.test_pro_studio_iter27.TestCleanup" name="test_cleanup_test_characters" time="1.226" /></testsuite></testsuites>