<?xml version="1.0" encoding="utf-8"?><testsuites name="pytest tests"><testsuite name="pytest" errors="0" failures="0" skipped="1" tests="6" time="9.010" timestamp="2026-03-01T16:05:24.168081+00:00" hostname="agent-env-273c1f4c-4f8f-4d7f-a08d-579984df8c44"><testcase classname="backend.tests.test_printable_pdf.TestPrintablePDF" name="test_print_pdf_endpoint_exists" time="0.613" /><testcase classname="backend.tests.test_printable_pdf.TestPrintablePDF" name="test_print_pdf_returns_valid_pdf" time="4.749" /><testcase classname="backend.tests.test_printable_pdf.TestPrintablePDF" name="test_credit_deduction_for_pdf" time="2.785" /><testcase classname="backend.tests.test_printable_pdf.TestPrintablePDF" name="test_insufficient_credits_returns_402" time="0.355"><skipped type="pytest.skip" message="VIP/Admin users bypass credit check - cannot test 402 scenario">/app/backend/tests/test_printable_pdf.py:128: VIP/Admin users bypass credit check - cannot test 402 scenario</skipped></testcase><testcase classname="backend.tests.test_printable_pdf.TestPrintablePDF" name="test_nonexistent_book_returns_404" time="0.425" /><testcase classname="backend.tests.test_printable_pdf.TestPrintPDFCostVerification" name="test_verify_credit_cost" time="0.000" /></testsuite></testsuites>