<?xml version="1.0" encoding="utf-8"?><testsuites name="pytest tests"><testsuite name="pytest" errors="0" failures="0" skipped="0" tests="9" time="56.162" timestamp="2026-03-01T10:45:21.885093+00:00" hostname="agent-env-b01e3d95-8cd3-4401-926b-d5b2e86a218b"><testcase classname="backend.tests.test_free_stories_trial.TestFreeStoriesTrialSystem" name="test_ai_story_trial_endpoint_returns_200" time="0.438" /><testcase classname="backend.tests.test_free_stories_trial.TestFreeStoriesTrialSystem" name="test_ai_story_trial_response_structure" time="0.397" /><testcase classname="backend.tests.test_free_stories_trial.TestFreeStoriesTrialSystem" name="test_free_stories_remaining_is_non_negative" time="0.391" /><testcase classname="backend.tests.test_free_stories_trial.TestFreeStoriesTrialSystem" name="test_display_text_format_when_stories_available" time="0.415" /><testcase classname="backend.tests.test_free_stories_trial.TestFreeStoriesTrialSystem" name="test_has_free_stories_logic" time="0.391" /><testcase classname="backend.tests.test_free_stories_trial.TestGenerateStoryEndpoint" name="test_generate_story_endpoint_exists" time="0.447" /><testcase classname="backend.tests.test_free_stories_trial.TestGenerateStoryEndpoint" name="test_generate_story_requires_pro_subscription" time="52.511" /><testcase classname="backend.tests.test_free_stories_trial.TestNewUserRegistrationFreeStories" name="test_register_user_gets_free_stories_field" time="0.494" /><testcase classname="backend.tests.test_free_stories_trial.TestCreditsAfterFreeStories" name="test_credit_balance_endpoint" time="0.452" /></testsuite></testsuites>