<?xml version="1.0" encoding="utf-8"?><testsuites name="pytest tests"><testsuite name="pytest" errors="0" failures="0" skipped="0" tests="23" time="3.395" timestamp="2026-03-08T14:12:21.013971+00:00" hostname="agent-env-6fc1feff-62e5-46e3-bee6-e99604029692"><testcase classname="tests.test_backend_api_iter57.TestHealthCheck" name="test_health_endpoint" time="0.192" /><testcase classname="tests.test_backend_api_iter57.TestAuthAPIs" name="test_login_success" time="0.336" /><testcase classname="tests.test_backend_api_iter57.TestAuthAPIs" name="test_login_invalid_credentials" time="0.103" /><testcase classname="tests.test_backend_api_iter57.TestAuthAPIs" name="test_get_me_authenticated" time="0.096" /><testcase classname="tests.test_backend_api_iter57.TestAuthAPIs" name="test_get_me_unauthenticated" time="0.105" /><testcase classname="tests.test_backend_api_iter57.TestAuthAPIs" name="test_register_duplicate_email" time="0.178" /><testcase classname="tests.test_backend_api_iter57.TestBooksAPIs" name="test_get_books_list" time="0.130" /><testcase classname="tests.test_backend_api_iter57.TestBooksAPIs" name="test_get_book_by_id" time="0.268" /><testcase classname="tests.test_backend_api_iter57.TestBooksAPIs" name="test_get_book_full_with_pages" time="0.249" /><testcase classname="tests.test_backend_api_iter57.TestBooksAPIs" name="test_get_book_nonexistent" time="0.103" /><testcase classname="tests.test_backend_api_iter57.TestMyBooksAPI" name="test_get_my_books_authenticated" time="0.125" /><testcase classname="tests.test_backend_api_iter57.TestMyBooksAPI" name="test_get_my_books_unauthenticated" time="0.098" /><testcase classname="tests.test_backend_api_iter57.TestCreditsAPIs" name="test_get_credits_balance" time="0.117" /><testcase classname="tests.test_backend_api_iter57.TestCreditsAPIs" name="test_get_credits_balance_unauthenticated" time="0.101" /><testcase classname="tests.test_backend_api_iter57.TestCreditsAPIs" name="test_get_story_pricing" time="0.113" /><testcase classname="tests.test_backend_api_iter57.TestJobsAPI" name="test_get_active_jobs" time="0.116" /><testcase classname="tests.test_backend_api_iter57.TestJobsAPI" name="test_get_active_jobs_unauthenticated" time="0.110" /><testcase classname="tests.test_backend_api_iter57.TestLibraryAPIs" name="test_get_featured_books" time="0.102" /><testcase classname="tests.test_backend_api_iter57.TestLibraryAPIs" name="test_get_newly_added_books" time="0.150" /><testcase classname="tests.test_backend_api_iter57.TestLibraryAPIs" name="test_get_coming_soon_books" time="0.103" /><testcase classname="tests.test_backend_api_iter57.TestAdditionalEndpoints" name="test_get_ai_story_trial_info" time="0.144" /><testcase classname="tests.test_backend_api_iter57.TestAdditionalEndpoints" name="test_get_reading_stats" time="0.164" /><testcase classname="tests.test_backend_api_iter57.TestAdditionalEndpoints" name="test_get_starter_library" time="0.103" /></testsuite></testsuites>