<?xml version="1.0" encoding="utf-8"?><testsuites name="pytest tests"><testsuite name="pytest" errors="0" failures="0" skipped="0" tests="23" time="12.987" timestamp="2026-02-25T20:54:47.369598+00:00" hostname="agent-env-7d168a51-9238-4ac4-b91a-60f76ca1846c"><testcase classname="backend.tests.test_iteration_33.TestAuthAPI" name="test_login_success" time="0.498" /><testcase classname="backend.tests.test_iteration_33.TestAuthAPI" name="test_login_invalid_credentials" time="0.170" /><testcase classname="backend.tests.test_iteration_33.TestAuthAPI" name="test_auth_me_requires_token" time="0.132" /><testcase classname="backend.tests.test_iteration_33.TestAuthAPI" name="test_auth_me_with_token" time="0.602" /><testcase classname="backend.tests.test_iteration_33.TestBooksAPI" name="test_get_public_books" time="0.569" /><testcase classname="backend.tests.test_iteration_33.TestBooksAPI" name="test_get_my_books" time="0.696" /><testcase classname="backend.tests.test_iteration_33.TestBooksAPI" name="test_get_featured_books" time="0.570" /><testcase classname="backend.tests.test_iteration_33.TestBooksAPI" name="test_get_genres" time="0.538" /><testcase classname="backend.tests.test_iteration_33.TestBooksAPI" name="test_get_age_ratings" time="0.529" /><testcase classname="backend.tests.test_iteration_33.TestDashboardAPI" name="test_series_api" time="0.496" /><testcase classname="backend.tests.test_iteration_33.TestDashboardAPI" name="test_credits_balance" time="0.601" /><testcase classname="backend.tests.test_iteration_33.TestProStudioAPI" name="test_get_characters" time="1.766" /><testcase classname="backend.tests.test_iteration_33.TestProStudioAPI" name="test_get_scenes" time="0.534" /><testcase classname="backend.tests.test_iteration_33.TestProStudioAPI" name="test_get_unified_gallery" time="0.896" /><testcase classname="backend.tests.test_iteration_33.TestProStudioAPI" name="test_get_videos" time="0.504" /><testcase classname="backend.tests.test_iteration_33.TestProStudioAPI" name="test_character_styles" time="0.591" /><testcase classname="backend.tests.test_iteration_33.TestProStudioAPI" name="test_character_genres" time="0.534" /><testcase classname="backend.tests.test_iteration_33.TestProStudioAPI" name="test_scene_options" time="0.569" /><testcase classname="backend.tests.test_iteration_33.TestArtStudioAPI" name="test_get_art_studio_gallery" time="0.553" /><testcase classname="backend.tests.test_iteration_33.TestFalAPI" name="test_fal_models" time="0.622" /><testcase classname="backend.tests.test_iteration_33.TestVoicesAPI" name="test_get_voices" time="0.324" /><testcase classname="backend.tests.test_iteration_33.TestStarterLibrary" name="test_get_starter_library" time="0.123" /><testcase classname="backend.tests.test_iteration_33.TestTasksAPI" name="test_task_not_found" time="0.494" /></testsuite></testsuites>