<?xml version="1.0" encoding="utf-8"?><testsuites name="pytest tests"><testsuite name="pytest" errors="0" failures="0" skipped="0" tests="11" time="2.939" timestamp="2026-03-16T20:55:19.222351+00:00" hostname="agent-env-27b82960-43ef-4abc-be7e-cb32082b1868"><testcase classname="backend.tests.test_admin_delete_user_iter63.TestAdminLogin" name="test_admin_login_success" time="0.168" /><testcase classname="backend.tests.test_admin_delete_user_iter63.TestAdminLogin" name="test_admin_login_wrong_password" time="0.130" /><testcase classname="backend.tests.test_admin_delete_user_iter63.TestAdminLogin" name="test_admin_verify_token" time="0.266" /><testcase classname="backend.tests.test_admin_delete_user_iter63.TestAdminGetUsers" name="test_get_users_list" time="0.128" /><testcase classname="backend.tests.test_admin_delete_user_iter63.TestAdminGetUsers" name="test_get_users_no_auth" time="0.142" /><testcase classname="backend.tests.test_admin_delete_user_iter63.TestAdminGetUsers" name="test_get_users_have_expected_fields" time="0.128" /><testcase classname="backend.tests.test_admin_delete_user_iter63.TestAdminDeleteUser" name="test_delete_nonexistent_user_returns_404" time="0.125" /><testcase classname="backend.tests.test_admin_delete_user_iter63.TestAdminDeleteUser" name="test_delete_without_admin_auth_returns_error" time="0.117" /><testcase classname="backend.tests.test_admin_delete_user_iter63.TestAdminDeleteUser" name="test_delete_admin_user_returns_403" time="0.277" /><testcase classname="backend.tests.test_admin_delete_user_iter63.TestAdminDeleteUser" name="test_delete_regular_user_create_and_delete" time="0.909" /><testcase classname="backend.tests.test_admin_delete_user_iter63.TestAdminDeleteUser" name="test_delete_user_response_has_message" time="0.487" /></testsuite></testsuites>