<?xml version="1.0" encoding="utf-8"?><testsuites name="pytest tests"><testsuite name="pytest" errors="0" failures="1" skipped="0" tests="25" time="15.390" timestamp="2026-02-25T20:19:51.464848+00:00" hostname="agent-env-7d168a51-9238-4ac4-b91a-60f76ca1846c"><testcase classname="backend.tests.test_api_refactor_iter32.TestAuthAPI" name="test_login_success" time="0.516" /><testcase classname="backend.tests.test_api_refactor_iter32.TestAuthAPI" name="test_login_invalid_credentials" time="0.167" /><testcase classname="backend.tests.test_api_refactor_iter32.TestAuthAPI" name="test_auth_me" time="0.624" /><testcase classname="backend.tests.test_api_refactor_iter32.TestBooksAPI" name="test_get_books_public" time="0.170" /><testcase classname="backend.tests.test_api_refactor_iter32.TestBooksAPI" name="test_get_featured_books" time="0.131" /><testcase classname="backend.tests.test_api_refactor_iter32.TestBooksAPI" name="test_get_genres" time="0.168" /><testcase classname="backend.tests.test_api_refactor_iter32.TestBooksAPI" name="test_get_my_books" time="0.629" /><testcase classname="backend.tests.test_api_refactor_iter32.TestBooksAPI" name="test_get_book_by_id" time="0.825" /><testcase classname="backend.tests.test_api_refactor_iter32.TestChaptersAndPagesAPI" name="test_get_book_chapters" time="0.613" /><testcase classname="backend.tests.test_api_refactor_iter32.TestChaptersAndPagesAPI" name="test_get_chapter_pages" time="1.016" /><testcase classname="backend.tests.test_api_refactor_iter32.TestProStudioAPI" name="test_get_characters" time="1.797" /><testcase classname="backend.tests.test_api_refactor_iter32.TestProStudioAPI" name="test_get_gallery" time="0.722"><failure message="AssertionError: Get gallery failed: {&quot;detail&quot;:&quot;Not Found&quot;}&#10;assert 404 == 200&#10; +  where 404 = &lt;Response [404]&gt;.status_code">backend/tests/test_api_refactor_iter32.py:205: in test_get_gallery
    assert response.status_code == 200, f"Get gallery failed: {response.text}"
E   AssertionError: Get gallery failed: {"detail":"Not Found"}
E   assert 404 == 200
E    +  where 404 = &lt;Response [404]&gt;.status_code</failure></testcase><testcase classname="backend.tests.test_api_refactor_iter32.TestProStudioAPI" name="test_get_gallery_unified" time="0.523" /><testcase classname="backend.tests.test_api_refactor_iter32.TestProStudioAPI" name="test_get_scenes" time="0.533" /><testcase classname="backend.tests.test_api_refactor_iter32.TestProStudioAPI" name="test_get_scene_options" time="0.170" /><testcase classname="backend.tests.test_api_refactor_iter32.TestProStudioAPI" name="test_get_character_styles" time="0.168" /><testcase classname="backend.tests.test_api_refactor_iter32.TestProStudioAPI" name="test_get_character_genres" time="0.145" /><testcase classname="backend.tests.test_api_refactor_iter32.TestProStudioAPI" name="test_get_character_gallery" time="1.874" /><testcase classname="backend.tests.test_api_refactor_iter32.TestArtStudioAPI" name="test_get_gallery" time="1.701" /><testcase classname="backend.tests.test_api_refactor_iter32.TestArtStudioAPI" name="test_get_book_gallery" time="0.681" /><testcase classname="backend.tests.test_api_refactor_iter32.TestUserAPI" name="test_get_user_profile" time="0.796" /><testcase classname="backend.tests.test_api_refactor_iter32.TestUserAPI" name="test_get_credits_balance" time="0.616" /><testcase classname="backend.tests.test_api_refactor_iter32.TestAdditionalEndpoints" name="test_get_voices" time="0.461" /><testcase classname="backend.tests.test_api_refactor_iter32.TestAdditionalEndpoints" name="test_get_starter_library" time="0.119" /><testcase classname="backend.tests.test_api_refactor_iter32.TestAdditionalEndpoints" name="test_get_fal_models" time="0.121" /></testsuite></testsuites>