<?xml version="1.0" encoding="utf-8"?><testsuites name="pytest tests"><testsuite name="pytest" errors="0" failures="0" skipped="0" tests="8" time="5.522" timestamp="2026-02-23T20:13:22.573893+00:00" hostname="agent-env-a28a84c3-0872-4a85-9db7-0ec7e534e568"><testcase classname="tests.test_iteration29_ui_changes.TestStarterLibraryAPI" name="test_starter_library_returns_images" time="0.177" /><testcase classname="tests.test_iteration29_ui_changes.TestStarterLibraryAPI" name="test_starter_library_image_structure" time="0.136" /><testcase classname="tests.test_iteration29_ui_changes.TestStarterLibraryAPI" name="test_starter_library_category_filter" time="0.328" /><testcase classname="tests.test_iteration29_ui_changes.TestVIPLogin" name="test_vip_login_success" time="0.363" /><testcase classname="tests.test_iteration29_ui_changes.TestVIPLogin" name="test_vip_user_is_admin" time="0.383" /><testcase classname="tests.test_iteration29_ui_changes.TestVIPLogin" name="test_vip_can_access_authenticated_endpoints" time="0.514" /><testcase classname="tests.test_iteration29_ui_changes.TestArtStudioGallery" name="test_art_studio_gallery_loads" time="2.791" /><testcase classname="tests.test_iteration29_ui_changes.TestBooksAPI" name="test_get_my_books" time="0.671" /></testsuite></testsuites>