<?xml version="1.0" encoding="utf-8"?><testsuites name="pytest tests"><testsuite name="pytest" errors="0" failures="0" skipped="0" tests="18" time="3.766" timestamp="2026-02-17T21:36:05.341718+00:00" hostname="agent-env-af6eaf4e-433c-45a0-b0e2-b579b85347fc"><testcase classname="backend.tests.test_iteration6_features.TestBookSummaryData" name="test_books_list_has_summary_fields" time="0.240" /><testcase classname="backend.tests.test_iteration6_features.TestBookSummaryData" name="test_single_book_has_summary_data" time="0.341" /><testcase classname="backend.tests.test_iteration6_features.TestBookSummaryData" name="test_featured_books_have_summary" time="0.187" /><testcase classname="backend.tests.test_iteration6_features.TestCoreAPIEndpoints" name="test_api_health" time="0.122" /><testcase classname="backend.tests.test_iteration6_features.TestCoreAPIEndpoints" name="test_genres_endpoint" time="0.150" /><testcase classname="backend.tests.test_iteration6_features.TestCoreAPIEndpoints" name="test_age_ratings_endpoint" time="0.195" /><testcase classname="backend.tests.test_iteration6_features.TestCoreAPIEndpoints" name="test_voices_endpoint" time="0.164" /><testcase classname="backend.tests.test_iteration6_features.TestAuthenticationFlow" name="test_login_success" time="0.359" /><testcase classname="backend.tests.test_iteration6_features.TestAuthenticationFlow" name="test_login_fail_invalid_password" time="0.365" /><testcase classname="backend.tests.test_iteration6_features.TestAuthenticationFlow" name="test_protected_endpoint_requires_auth" time="0.116" /><testcase classname="backend.tests.test_iteration6_features.TestAdminCMS" name="test_admin_login" time="0.130" /><testcase classname="backend.tests.test_iteration6_features.TestAdminCMS" name="test_admin_login_fail_wrong_credentials" time="0.138" /><testcase classname="backend.tests.test_iteration6_features.TestAdminCMS" name="test_admin_verify_with_valid_token" time="0.321" /><testcase classname="backend.tests.test_iteration6_features.TestVideoGenerationEndpoint" name="test_video_generation_endpoint_exists" time="0.166" /><testcase classname="backend.tests.test_iteration6_features.TestVideoGenerationEndpoint" name="test_image_generation_endpoint_exists" time="0.123" /><testcase classname="backend.tests.test_iteration6_features.TestLibraryFeatures" name="test_books_search" time="0.208" /><testcase classname="backend.tests.test_iteration6_features.TestLibraryFeatures" name="test_books_filter_by_genre" time="0.202" /><testcase classname="backend.tests.test_iteration6_features.TestLibraryFeatures" name="test_books_featured_filter" time="0.181" /></testsuite></testsuites>