<?xml version="1.0" encoding="utf-8"?><testsuites name="pytest tests"><testsuite name="pytest" errors="0" failures="6" skipped="2" tests="15" time="11.988" timestamp="2026-02-19T20:25:08.677537+00:00" hostname="agent-env-ca55cbc1-f7ef-49c3-afeb-e8f2d68ab490"><testcase classname="backend.tests.test_iteration9_social.TestUserProfileAndSocial" name="test_01_get_user_profile" time="0.588" /><testcase classname="backend.tests.test_iteration9_social.TestUserProfileAndSocial" name="test_02_update_user_profile" time="0.946"><failure message="AssertionError: Expected 200, got 401: {&quot;detail&quot;:&quot;Invalid token&quot;}&#10;assert 401 == 200&#10; +  where 401 = &lt;Response [401]&gt;.status_code">backend/tests/test_iteration9_social.py:77: in test_02_update_user_profile
    assert response.status_code == 200, f"Expected 200, got {response.status_code}: {response.text}"
E   AssertionError: Expected 200, got 401: {"detail":"Invalid token"}
E   assert 401 == 200
E    +  where 401 = &lt;Response [401]&gt;.status_code</failure></testcase><testcase classname="backend.tests.test_iteration9_social.TestUserProfileAndSocial" name="test_03_get_user_books" time="0.437" /><testcase classname="backend.tests.test_iteration9_social.TestUserProfileAndSocial" name="test_04_get_nonexistent_user_profile" time="0.484" /><testcase classname="backend.tests.test_iteration9_social.TestFollowFeatures" name="test_01_cannot_follow_self" time="0.714"><failure message="AssertionError: Expected 400 when following self, got 401&#10;assert 401 == 400&#10; +  where 401 = &lt;Response [401]&gt;.status_code">backend/tests/test_iteration9_social.py:158: in test_01_cannot_follow_self
    assert response.status_code == 400, f"Expected 400 when following self, got {response.status_code}"
E   AssertionError: Expected 400 when following self, got 401
E   assert 401 == 400
E    +  where 401 = &lt;Response [401]&gt;.status_code</failure></testcase><testcase classname="backend.tests.test_iteration9_social.TestFollowFeatures" name="test_02_follow_user" time="1.408"><failure message="AssertionError: Expected 200, got 401: {&quot;detail&quot;:&quot;Invalid token&quot;}&#10;assert 401 == 200&#10; +  where 401 = &lt;Response [401]&gt;.status_code">backend/tests/test_iteration9_social.py:166: in test_02_follow_user
    assert response.status_code == 200, f"Expected 200, got {response.status_code}: {response.text}"
E   AssertionError: Expected 200, got 401: {"detail":"Invalid token"}
E   assert 401 == 200
E    +  where 401 = &lt;Response [401]&gt;.status_code</failure></testcase><testcase classname="backend.tests.test_iteration9_social.TestFollowFeatures" name="test_03_get_followers" time="0.788" /><testcase classname="backend.tests.test_iteration9_social.TestFollowFeatures" name="test_04_get_following" time="0.762" /><testcase classname="backend.tests.test_iteration9_social.TestFollowFeatures" name="test_05_unfollow_user" time="0.784"><failure message="AssertionError: Expected 200, got 401: {&quot;detail&quot;:&quot;Invalid token&quot;}&#10;assert 401 == 200&#10; +  where 401 = &lt;Response [401]&gt;.status_code">backend/tests/test_iteration9_social.py:203: in test_05_unfollow_user
    assert response.status_code == 200, f"Expected 200, got {response.status_code}: {response.text}"
E   AssertionError: Expected 200, got 401: {"detail":"Invalid token"}
E   assert 401 == 200
E    +  where 401 = &lt;Response [401]&gt;.status_code</failure></testcase><testcase classname="backend.tests.test_iteration9_social.TestReviewsAPI" name="test_01_create_review" time="0.484"><failure message="AssertionError: Expected 200, got 401: {&quot;detail&quot;:&quot;Invalid token&quot;}&#10;assert 401 == 200&#10; +  where 401 = &lt;Response [401]&gt;.status_code">backend/tests/test_iteration9_social.py:254: in test_01_create_review
    assert response.status_code == 200, f"Expected 200, got {response.status_code}: {response.text}"
E   AssertionError: Expected 200, got 401: {"detail":"Invalid token"}
E   assert 401 == 200
E    +  where 401 = &lt;Response [401]&gt;.status_code</failure></testcase><testcase classname="backend.tests.test_iteration9_social.TestReviewsAPI" name="test_02_get_book_reviews" time="0.577" /><testcase classname="backend.tests.test_iteration9_social.TestReviewsAPI" name="test_03_review_rating_validation" time="2.680"><failure message="AssertionError: Expected 422 for rating 0, got 401&#10;assert 401 == 422&#10; +  where 401 = &lt;Response [401]&gt;.status_code">backend/tests/test_iteration9_social.py:288: in test_03_review_rating_validation
    assert response.status_code == 422, f"Expected 422 for rating 0, got {response.status_code}"
E   AssertionError: Expected 422 for rating 0, got 401
E   assert 401 == 422
E    +  where 401 = &lt;Response [401]&gt;.status_code</failure></testcase><testcase classname="backend.tests.test_iteration9_social.TestAnalyticsAPI" name="test_01_get_book_analytics" time="0.455"><skipped type="pytest.skip" message="Could not fetch user books">/app/backend/tests/test_iteration9_social.py:335: Could not fetch user books</skipped></testcase><testcase classname="backend.tests.test_iteration9_social.TestAnalyticsAPI" name="test_02_my_books_have_analytics_fields" time="0.466"><skipped type="pytest.skip" message="Could not fetch user books">/app/backend/tests/test_iteration9_social.py:350: Could not fetch user books</skipped></testcase><testcase classname="backend.tests.test_iteration9_social.TestAmbientSoundPrerequisites" name="test_01_book_full_includes_genre" time="0.292" /></testsuite></testsuites>