<?xml version="1.0" encoding="utf-8"?><testsuites name="pytest tests"><testsuite name="pytest" errors="0" failures="0" skipped="0" tests="15" time="11.592" timestamp="2026-03-06T20:44:03.978359+00:00" hostname="agent-env-ca134fa4-20c6-4beb-9872-5b0fde200256"><testcase classname="backend.tests.test_print_order_stripe_iter51.TestPrintProductInfo" name="test_get_product_info_returns_products" time="0.173" /><testcase classname="backend.tests.test_print_order_stripe_iter51.TestPrintProductInfo" name="test_product_info_pricing_correct" time="0.130" /><testcase classname="backend.tests.test_print_order_stripe_iter51.TestPrintProductInfo" name="test_product_info_includes_shipping_options" time="0.164" /><testcase classname="backend.tests.test_print_order_stripe_iter51.TestPriceEstimate" name="test_price_estimate_gb_normal" time="0.110" /><testcase classname="backend.tests.test_print_order_stripe_iter51.TestPriceEstimate" name="test_price_estimate_us_express" time="0.144" /><testcase classname="backend.tests.test_print_order_stripe_iter51.TestPriceEstimate" name="test_price_estimate_eu_country" time="0.134" /><testcase classname="backend.tests.test_print_order_stripe_iter51.TestPriceEstimate" name="test_price_estimate_extra_pages" time="0.142" /><testcase classname="backend.tests.test_print_order_stripe_iter51.TestPriceEstimate" name="test_price_estimate_shipping_options_included" time="0.117" /><testcase classname="backend.tests.test_print_order_stripe_iter51.TestStripeCheckout" name="test_create_checkout_session_success" time="0.560" /><testcase classname="backend.tests.test_print_order_stripe_iter51.TestStripeCheckout" name="test_create_checkout_session_us_country" time="0.531" /><testcase classname="backend.tests.test_print_order_stripe_iter51.TestStripeCheckout" name="test_create_checkout_session_hardcover" time="0.421" /><testcase classname="backend.tests.test_print_order_stripe_iter51.TestStripeCheckout" name="test_create_checkout_session_invalid_product" time="0.139" /><testcase classname="backend.tests.test_print_order_stripe_iter51.TestStripeCheckout" name="test_create_checkout_session_invalid_book" time="0.120" /><testcase classname="backend.tests.test_print_order_stripe_iter51.TestPrintOrderPrepare" name="test_prepare_book_requires_auth" time="8.486" /><testcase classname="backend.tests.test_print_order_stripe_iter51.TestCheckoutStatus" name="test_checkout_status_invalid_session" time="0.140" /></testsuite></testsuites>