<?xml version="1.0" encoding="utf-8"?><testsuites name="pytest tests"><testsuite name="pytest" errors="0" failures="0" skipped="0" tests="7" time="34.937" timestamp="2026-02-21T17:23:24.724378+00:00" hostname="agent-env-35ffa327-670f-4a79-8f72-381f305fc565"><testcase classname="backend.tests.test_art_studio.TestArtStudioAPI" name="test_auth_me_endpoint" time="0.572" /><testcase classname="backend.tests.test_art_studio.TestArtStudioAPI" name="test_art_studio_gallery_get" time="0.450" /><testcase classname="backend.tests.test_art_studio.TestArtStudioAPI" name="test_art_studio_generate_character" time="16.162" /><testcase classname="backend.tests.test_art_studio.TestArtStudioAPI" name="test_art_studio_generate_scene" time="15.832" /><testcase classname="backend.tests.test_art_studio.TestArtStudioAPI" name="test_art_studio_generate_without_auth" time="0.567" /><testcase classname="backend.tests.test_art_studio.TestArtStudioAPI" name="test_art_studio_gallery_without_auth" time="0.476" /><testcase classname="backend.tests.test_art_studio.TestArtStudioSaveAndDelete" name="test_art_studio_save_and_verify" time="0.771" /></testsuite></testsuites>