<?xml version="1.0" encoding="utf-8"?><testsuites name="pytest tests"><testsuite name="pytest" errors="0" failures="0" skipped="0" tests="17" time="19.074" timestamp="2026-02-23T13:22:11.115830+00:00" hostname="agent-env-6261639c-9020-412c-9346-0b592242c9a9"><testcase classname="backend.tests.test_pro_studio_iter27.TestProStudioAuthSetup" name="test_login_and_verify_pro" time="0.482" /><testcase classname="backend.tests.test_pro_studio_iter27.TestCharacterCreation" name="test_create_character_description_only" time="0.534" /><testcase classname="backend.tests.test_pro_studio_iter27.TestCharacterCreation" name="test_create_character_with_images_only" time="2.186" /><testcase classname="backend.tests.test_pro_studio_iter27.TestCharacterCreation" name="test_create_character_with_both" time="10.185" /><testcase classname="backend.tests.test_pro_studio_iter27.TestCharacterCreation" name="test_create_character_requires_name_or_description" time="0.192" /><testcase classname="backend.tests.test_pro_studio_iter27.TestCharacterCRUD" name="test_get_characters_list" time="0.499" /><testcase classname="backend.tests.test_pro_studio_iter27.TestCharacterCRUD" name="test_get_character_by_id" time="0.363" /><testcase classname="backend.tests.test_pro_studio_iter27.TestCharacterCRUD" name="test_update_character" time="0.245" /><testcase classname="backend.tests.test_pro_studio_iter27.TestThumbnailRegeneration" name="test_regenerate_thumbnail" time="0.840" /><testcase classname="backend.tests.test_pro_studio_iter27.TestCharacterGallery" name="test_get_character_gallery_empty" time="0.682" /><testcase classname="backend.tests.test_pro_studio_iter27.TestCharacterGallery" name="test_add_to_character_gallery" time="0.251" /><testcase classname="backend.tests.test_pro_studio_iter27.TestCharacterGallery" name="test_gallery_requires_image_url" time="0.138" /><testcase classname="backend.tests.test_pro_studio_iter27.TestCharacterDelete" name="test_delete_character" time="0.735" /><testcase classname="backend.tests.test_pro_studio_iter27.TestCharacterDelete" name="test_delete_nonexistent_character" time="0.110" /><testcase classname="backend.tests.test_pro_studio_iter27.TestCharacterStyles" name="test_get_character_styles" time="0.100" /><testcase classname="backend.tests.test_pro_studio_iter27.TestCharacterStyles" name="test_get_character_genres" time="0.101" /><testcase classname="backend.tests.test_pro_studio_iter27.TestCleanup" name="test_cleanup_test_characters" time="1.211" /></testsuite></testsuites>