<?xml version="1.0" encoding="utf-8"?><testsuites name="pytest tests"><testsuite name="pytest" errors="0" failures="0" skipped="2" tests="15" time="9.327" timestamp="2026-02-19T20:26:12.039148+00:00" hostname="agent-env-ca55cbc1-f7ef-49c3-afeb-e8f2d68ab490"><testcase classname="backend.tests.test_iteration9_social.TestUserProfileAndSocial" name="test_01_get_user_profile" time="0.566" /><testcase classname="backend.tests.test_iteration9_social.TestUserProfileAndSocial" name="test_02_update_user_profile" time="0.536" /><testcase classname="backend.tests.test_iteration9_social.TestUserProfileAndSocial" name="test_03_get_user_books" time="0.458" /><testcase classname="backend.tests.test_iteration9_social.TestUserProfileAndSocial" name="test_04_get_nonexistent_user_profile" time="0.404" /><testcase classname="backend.tests.test_iteration9_social.TestFollowFeatures" name="test_01_cannot_follow_self" time="0.781" /><testcase classname="backend.tests.test_iteration9_social.TestFollowFeatures" name="test_02_follow_user" time="0.746" /><testcase classname="backend.tests.test_iteration9_social.TestFollowFeatures" name="test_03_get_followers" time="0.750" /><testcase classname="backend.tests.test_iteration9_social.TestFollowFeatures" name="test_04_get_following" time="0.698" /><testcase classname="backend.tests.test_iteration9_social.TestFollowFeatures" name="test_05_unfollow_user" time="0.881" /><testcase classname="backend.tests.test_iteration9_social.TestReviewsAPI" name="test_01_create_review" time="0.571" /><testcase classname="backend.tests.test_iteration9_social.TestReviewsAPI" name="test_02_get_book_reviews" time="0.785" /><testcase classname="backend.tests.test_iteration9_social.TestReviewsAPI" name="test_03_review_rating_validation" time="0.584" /><testcase classname="backend.tests.test_iteration9_social.TestAnalyticsAPI" name="test_01_get_book_analytics" time="0.857"><skipped type="pytest.skip" message="No books to test analytics">/app/backend/tests/test_iteration9_social.py:335: No books to test analytics</skipped></testcase><testcase classname="backend.tests.test_iteration9_social.TestAnalyticsAPI" name="test_02_my_books_have_analytics_fields" time="0.390"><skipped type="pytest.skip" message="No books to test analytics">/app/backend/tests/test_iteration9_social.py:350: No books to test analytics</skipped></testcase><testcase classname="backend.tests.test_iteration9_social.TestAmbientSoundPrerequisites" name="test_01_book_full_includes_genre" time="0.246" /></testsuite></testsuites>