<?xml version="1.0" encoding="utf-8"?><testsuites name="pytest tests"><testsuite name="pytest" errors="0" failures="0" skipped="0" tests="14" time="4.917" timestamp="2026-02-21T10:01:25.184268+00:00" hostname="agent-env-027ea5d2-499b-4d64-b9a8-0779eef71d33"><testcase classname="tests.test_iteration10.TestAmbientSounds" name="test_ambient_sound_rain" time="0.558" /><testcase classname="tests.test_iteration10.TestAmbientSounds" name="test_ambient_sound_fireplace" time="1.124" /><testcase classname="tests.test_iteration10.TestAmbientSounds" name="test_ambient_sound_forest" time="0.271" /><testcase classname="tests.test_iteration10.TestAmbientSounds" name="test_ambient_sound_ocean" time="0.271" /><testcase classname="tests.test_iteration10.TestAmbientSounds" name="test_ambient_sound_invalid" time="0.152" /><testcase classname="tests.test_iteration10.TestAuthentication" name="test_login_works" time="0.342" /><testcase classname="tests.test_iteration10.TestReadingStreaksAndBadges" name="test_reading_stats_endpoint" time="0.425" /><testcase classname="tests.test_iteration10.TestReadingStreaksAndBadges" name="test_user_reading_stats_endpoint" time="0.126" /><testcase classname="tests.test_iteration10.TestBookRecommendations" name="test_user_recommendations" time="0.441" /><testcase classname="tests.test_iteration10.TestBooksEndpoints" name="test_get_published_books" time="0.207" /><testcase classname="tests.test_iteration10.TestBooksEndpoints" name="test_get_featured_books" time="0.117" /><testcase classname="tests.test_iteration10.TestBooksEndpoints" name="test_get_genres" time="0.110" /><testcase classname="tests.test_iteration10.TestEditorCollaborativeFeatures" name="test_get_book_collaborators" time="0.580" /><testcase classname="tests.test_iteration10.TestSpecificBook" name="test_get_book_details" time="0.125" /></testsuite></testsuites>