<?xml version="1.0" encoding="utf-8"?><testsuites name="pytest tests"><testsuite name="pytest" errors="0" failures="0" skipped="0" tests="7" time="4.091" timestamp="2026-02-22T16:21:46.612195+00:00" hostname="agent-env-aba7c576-f680-4c14-aa28-ffe1938d9c18"><testcase classname="tests.test_iteration26_bugfixes.TestIteration26BugFixes" name="test_tts_generate_with_elevenlabs" time="1.144" /><testcase classname="tests.test_iteration26_bugfixes.TestIteration26BugFixes" name="test_create_chapter_with_valid_token" time="0.543" /><testcase classname="tests.test_iteration26_bugfixes.TestIteration26BugFixes" name="test_create_page_with_valid_token" time="0.451" /><testcase classname="tests.test_iteration26_bugfixes.TestIteration26BugFixes" name="test_save_cover_with_valid_token" time="0.435" /><testcase classname="tests.test_iteration26_bugfixes.TestIteration26BugFixes" name="test_save_cover_without_token_fails" time="0.454" /><testcase classname="tests.test_iteration26_bugfixes.TestIteration26BugFixes" name="test_book_chapters_list" time="0.454" /><testcase classname="tests.test_iteration26_bugfixes.TestCleanup" name="test_cleanup_test_chapters" time="0.553" /></testsuite></testsuites>