<?xml version="1.0" encoding="utf-8"?><testsuites name="pytest tests"><testsuite name="pytest" errors="0" failures="1" skipped="0" tests="7" time="10.000" timestamp="2026-02-22T16:21:06.354352+00:00" hostname="agent-env-aba7c576-f680-4c14-aa28-ffe1938d9c18"><testcase classname="tests.test_iteration26_bugfixes.TestIteration26BugFixes" name="test_tts_generate_with_elevenlabs" time="6.909"><failure message="AssertionError: TTS failed after retries: 520&#10;assert 520 == 200&#10; +  where 520 = &lt;Response [520]&gt;.status_code">tests/test_iteration26_bugfixes.py:54: in test_tts_generate_with_elevenlabs
    assert response.status_code == 200, f"TTS failed after retries: {response.status_code}"
E   AssertionError: TTS failed after retries: 520
E   assert 520 == 200
E    +  where 520 = &lt;Response [520]&gt;.status_code</failure></testcase><testcase classname="tests.test_iteration26_bugfixes.TestIteration26BugFixes" name="test_create_chapter_with_valid_token" time="0.619" /><testcase classname="tests.test_iteration26_bugfixes.TestIteration26BugFixes" name="test_create_page_with_valid_token" time="0.487" /><testcase classname="tests.test_iteration26_bugfixes.TestIteration26BugFixes" name="test_save_cover_with_valid_token" time="0.465" /><testcase classname="tests.test_iteration26_bugfixes.TestIteration26BugFixes" name="test_save_cover_without_token_fails" time="0.442" /><testcase classname="tests.test_iteration26_bugfixes.TestIteration26BugFixes" name="test_book_chapters_list" time="0.451" /><testcase classname="tests.test_iteration26_bugfixes.TestCleanup" name="test_cleanup_test_chapters" time="0.558" /></testsuite></testsuites>