<?xml version="1.0" encoding="utf-8"?><testsuites name="pytest tests"><testsuite name="pytest" errors="0" failures="0" skipped="0" tests="33" time="32.622" timestamp="2026-02-23T11:24:15.320077+00:00" hostname="agent-env-feb3cbeb-75f3-4f11-9c8a-953ffc3f1712"><testcase classname="backend.tests.test_pro_studio_iter27.TestProStudioAuthSetup" name="test_login_and_verify_pro" time="0.514" /><testcase classname="backend.tests.test_pro_studio_iter27.TestCharacterCreation" name="test_create_character_description_only" time="2.213" /><testcase classname="backend.tests.test_pro_studio_iter27.TestCharacterCreation" name="test_create_character_with_images_only" time="2.083" /><testcase classname="backend.tests.test_pro_studio_iter27.TestCharacterCreation" name="test_create_character_with_both" time="7.536" /><testcase classname="backend.tests.test_pro_studio_iter27.TestCharacterCreation" name="test_create_character_requires_name_or_description" time="0.131" /><testcase classname="backend.tests.test_pro_studio_iter27.TestCharacterCRUD" name="test_get_characters_list" time="0.459" /><testcase classname="backend.tests.test_pro_studio_iter27.TestCharacterCRUD" name="test_get_character_by_id" time="2.033" /><testcase classname="backend.tests.test_pro_studio_iter27.TestCharacterCRUD" name="test_update_character" time="0.218" /><testcase classname="backend.tests.test_pro_studio_iter27.TestThumbnailRegeneration" name="test_regenerate_thumbnail" time="4.272" /><testcase classname="backend.tests.test_pro_studio_iter27.TestCharacterGallery" name="test_get_character_gallery_empty" time="2.301" /><testcase classname="backend.tests.test_pro_studio_iter27.TestCharacterGallery" name="test_add_to_character_gallery" time="0.215" /><testcase classname="backend.tests.test_pro_studio_iter27.TestCharacterGallery" name="test_gallery_requires_image_url" time="0.103" /><testcase classname="backend.tests.test_pro_studio_iter27.TestCharacterDelete" name="test_delete_character" time="2.503" /><testcase classname="backend.tests.test_pro_studio_iter27.TestCharacterDelete" name="test_delete_nonexistent_character" time="0.108" /><testcase classname="backend.tests.test_pro_studio_iter27.TestCharacterStyles" name="test_get_character_styles" time="0.110" /><testcase classname="backend.tests.test_pro_studio_iter27.TestCharacterStyles" name="test_get_character_genres" time="0.115" /><testcase classname="backend.tests.test_pro_studio_iter27.TestCleanup" name="test_cleanup_test_characters" time="1.182" /><testcase classname="backend.tests.test_pro_studio_scenes_credits.TestCredentials" name="test_login_with_test_credentials" time="0.343" /><testcase classname="backend.tests.test_pro_studio_scenes_credits.TestCreditsSystem" name="test_get_credit_balance" time="0.432" /><testcase classname="backend.tests.test_pro_studio_scenes_credits.TestCreditsSystem" name="test_add_credits" time="0.308" /><testcase classname="backend.tests.test_pro_studio_scenes_credits.TestScenesAPI" name="test_get_scene_options" time="0.097" /><testcase classname="backend.tests.test_pro_studio_scenes_credits.TestScenesAPI" name="test_create_scene" time="2.620" /><testcase classname="backend.tests.test_pro_studio_scenes_credits.TestScenesAPI" name="test_get_scenes_list" time="0.105" /><testcase classname="backend.tests.test_pro_studio_scenes_credits.TestScenesAPI" name="test_get_scene_by_id" time="0.216" /><testcase classname="backend.tests.test_pro_studio_scenes_credits.TestScenesAPI" name="test_scene_gallery_operations" time="0.343" /><testcase classname="backend.tests.test_pro_studio_scenes_credits.TestScenesAPI" name="test_delete_test_scenes" time="0.204" /><testcase classname="backend.tests.test_pro_studio_scenes_credits.TestArtStudioGallery" name="test_get_gallery" time="0.446" /><testcase classname="backend.tests.test_pro_studio_scenes_credits.TestArtStudioGallery" name="test_save_to_gallery" time="0.101" /><testcase classname="backend.tests.test_pro_studio_scenes_credits.TestArtStudioGallery" name="test_gallery_with_filter" time="0.103" /><testcase classname="backend.tests.test_pro_studio_scenes_credits.TestNavigationAndTabs" name="test_characters_tab_api" time="0.448" /><testcase classname="backend.tests.test_pro_studio_scenes_credits.TestNavigationAndTabs" name="test_scenes_tab_api" time="0.113" /><testcase classname="backend.tests.test_pro_studio_scenes_credits.TestNavigationAndTabs" name="test_gallery_tab_api" time="0.110" /><testcase classname="backend.tests.test_pro_studio_scenes_credits.TestNavigationAndTabs" name="test_character_styles_and_genres" time="0.314" /></testsuite></testsuites>