<?xml version="1.0" encoding="utf-8"?><testsuites name="pytest tests"><testsuite name="pytest" errors="0" failures="0" skipped="0" tests="13" time="12.060" timestamp="2026-02-17T22:14:31.465939+00:00" hostname="agent-env-af6eaf4e-433c-45a0-b0e2-b579b85347fc"><testcase classname="backend.tests.test_series_features.TestSeriesManagement" name="test_get_user_series_empty_or_list" time="0.628" /><testcase classname="backend.tests.test_series_features.TestSeriesManagement" name="test_create_series" time="0.618" /><testcase classname="backend.tests.test_series_features.TestSeriesManagement" name="test_create_series_requires_name" time="0.540" /><testcase classname="backend.tests.test_series_features.TestSeriesManagement" name="test_get_specific_series" time="0.994" /><testcase classname="backend.tests.test_series_features.TestSeriesManagement" name="test_update_series" time="0.741" /><testcase classname="backend.tests.test_series_features.TestSeriesManagement" name="test_delete_series" time="0.912" /><testcase classname="backend.tests.test_series_features.TestSeriesManagement" name="test_delete_nonexistent_series" time="0.454" /><testcase classname="backend.tests.test_series_features.TestSeriesBookOperations" name="test_add_book_to_series" time="1.095" /><testcase classname="backend.tests.test_series_features.TestSeriesBookOperations" name="test_remove_book_from_series" time="1.188" /><testcase classname="backend.tests.test_series_features.TestSeriesBookOperations" name="test_series_book_count_updates" time="1.806" /><testcase classname="backend.tests.test_series_features.TestMyBooksWithSeries" name="test_my_books_includes_series_info" time="1.147" /><testcase classname="backend.tests.test_series_features.TestVoicesEndpoint" name="test_get_voices" time="0.689" /><testcase classname="backend.tests.test_series_features.TestVoicesEndpoint" name="test_update_book_narrator_voice" time="1.180" /></testsuite></testsuites>