<?xml version="1.0" encoding="utf-8"?><testsuites name="pytest tests"><testsuite name="pytest" errors="0" failures="0" skipped="0" tests="20" time="25.435" timestamp="2026-02-17T20:25:49.293003+00:00" hostname="agent-env-6d961379-cec2-4a59-bee1-ce6d636c36c3"><testcase classname="backend.tests.test_admin_and_new_features.TestAdminAuthentication" name="test_admin_login_success" time="0.174" /><testcase classname="backend.tests.test_admin_and_new_features.TestAdminAuthentication" name="test_admin_login_failure_wrong_username" time="0.278" /><testcase classname="backend.tests.test_admin_and_new_features.TestAdminAuthentication" name="test_admin_login_failure_wrong_password" time="0.140" /><testcase classname="backend.tests.test_admin_and_new_features.TestAdminAuthentication" name="test_admin_verify_token" time="0.259" /><testcase classname="backend.tests.test_admin_and_new_features.TestAdminCMSEndpoints" name="test_admin_get_all_books" time="0.278" /><testcase classname="backend.tests.test_admin_and_new_features.TestAdminCMSEndpoints" name="test_admin_get_all_users" time="0.214" /><testcase classname="backend.tests.test_admin_and_new_features.TestAdminCMSEndpoints" name="test_admin_get_analytics" time="0.253" /><testcase classname="backend.tests.test_admin_and_new_features.TestAdminBookManagement" name="test_toggle_featured_status" time="0.750" /><testcase classname="backend.tests.test_admin_and_new_features.TestAdminBookManagement" name="test_toggle_best_of_week_status" time="0.848" /><testcase classname="backend.tests.test_admin_and_new_features.TestAdminBookManagement" name="test_toggle_publish_status" time="1.246" /><testcase classname="backend.tests.test_admin_and_new_features.TestAdminBookManagement" name="test_admin_seed_test_books" time="0.471" /><testcase classname="backend.tests.test_admin_and_new_features.TestBookDownloadEndpoint" name="test_creator_can_download_own_book" time="0.815" /><testcase classname="backend.tests.test_admin_and_new_features.TestBookDownloadEndpoint" name="test_non_creator_cannot_download_book" time="1.714" /><testcase classname="backend.tests.test_admin_and_new_features.TestBookDownloadEndpoint" name="test_download_requires_auth" time="0.724" /><testcase classname="backend.tests.test_admin_and_new_features.TestSciFiStyleOptions" name="test_image_generation_accepts_scifi_style" time="15.689" /><testcase classname="backend.tests.test_admin_and_new_features.TestSciFiStyleOptions" name="test_video_generation_accepts_scifi_style" time="0.590" /><testcase classname="backend.tests.test_admin_and_new_features.TestAdminWithoutAuth" name="test_admin_books_requires_auth" time="0.130" /><testcase classname="backend.tests.test_admin_and_new_features.TestAdminWithoutAuth" name="test_admin_users_requires_auth" time="0.123" /><testcase classname="backend.tests.test_admin_and_new_features.TestAdminWithoutAuth" name="test_admin_analytics_requires_auth" time="0.151" /><testcase classname="backend.tests.test_admin_and_new_features.TestAdminWithoutAuth" name="test_regular_user_cannot_access_admin" time="0.508" /></testsuite></testsuites>