<?xml version="1.0" encoding="utf-8"?><testsuites name="pytest tests"><testsuite name="pytest" errors="0" failures="0" skipped="0" tests="11" time="2.125" timestamp="2026-03-17T14:37:27.348952+00:00" hostname="agent-env-27b82960-43ef-4abc-be7e-cb32082b1868"><testcase classname="backend.tests.test_my_orders_iter64.TestMyOrdersEndpointAuth" name="test_no_auth_returns_401" time="0.273" /><testcase classname="backend.tests.test_my_orders_iter64.TestMyOrdersEndpointAuth" name="test_invalid_token_returns_401" time="0.157" /><testcase classname="backend.tests.test_my_orders_iter64.TestMyOrdersEndpointAuth" name="test_valid_token_returns_200" time="0.566" /><testcase classname="backend.tests.test_my_orders_iter64.TestMyOrdersResponse" name="test_response_has_orders_key" time="0.143" /><testcase classname="backend.tests.test_my_orders_iter64.TestMyOrdersResponse" name="test_response_has_total_key" time="0.128" /><testcase classname="backend.tests.test_my_orders_iter64.TestMyOrdersResponse" name="test_seeded_order_present" time="0.135" /><testcase classname="backend.tests.test_my_orders_iter64.TestMyOrdersResponse" name="test_order_card_fields_present" time="0.152" /><testcase classname="backend.tests.test_my_orders_iter64.TestMyOrdersResponse" name="test_shipped_order_has_display_status" time="0.109" /><testcase classname="backend.tests.test_my_orders_iter64.TestMyOrdersResponse" name="test_book_cover_url_enriched" time="0.122" /><testcase classname="backend.tests.test_my_orders_iter64.TestMyOrdersResponse" name="test_orders_sorted_by_date_desc" time="0.160" /><testcase classname="backend.tests.test_my_orders_iter64.TestMyOrdersResponse" name="test_tracking_present_for_shipped" time="0.113" /></testsuite></testsuites>