<?xml version="1.0" encoding="utf-8"?><testsuites name="pytest tests"><testsuite name="pytest" errors="0" failures="1" skipped="0" tests="12" time="67.963" timestamp="2026-02-21T23:56:03.768161+00:00" hostname="agent-env-3f08fb43-8f9a-401f-8bbc-c64ea9fbf855"><testcase classname="backend.tests.test_iteration19_features.TestPublishedBooks" name="test_published_books_count" time="60.201"><failure message="assert 520 == 200&#10; +  where 520 = &lt;Response [520]&gt;.status_code">backend/tests/test_iteration19_features.py:40: in test_published_books_count
    assert response.status_code == 200
E   assert 520 == 200
E    +  where 520 = &lt;Response [520]&gt;.status_code</failure></testcase><testcase classname="backend.tests.test_iteration19_features.TestPublishedBooks" name="test_books_have_detailed_content" time="2.367" /><testcase classname="backend.tests.test_iteration19_features.TestPublishedBooks" name="test_book_chapters_have_pages_with_text" time="0.896" /><testcase classname="backend.tests.test_iteration19_features.TestBookFullEndpoint" name="test_book_full_returns_chapters_and_pages" time="1.071" /><testcase classname="backend.tests.test_iteration19_features.TestBookFullEndpoint" name="test_book_full_requires_auth" time="0.848" /><testcase classname="backend.tests.test_iteration19_features.TestAnimationFeatures" name="test_save_animation_endpoint" time="0.244" /><testcase classname="backend.tests.test_iteration19_features.TestAnimationFeatures" name="test_gallery_type_filter_all" time="0.106" /><testcase classname="backend.tests.test_iteration19_features.TestAnimationFeatures" name="test_gallery_type_filter_images" time="0.113" /><testcase classname="backend.tests.test_iteration19_features.TestAnimationFeatures" name="test_gallery_type_filter_animations" time="0.153" /><testcase classname="backend.tests.test_iteration19_features.TestProTrialForNewUsers" name="test_new_user_gets_pro_trial" time="0.688" /><testcase classname="backend.tests.test_iteration19_features.TestBookReaderPagesStructure" name="test_full_book_pages_are_content_only" time="0.845" /><testcase classname="backend.tests.test_iteration19_features.TestGalleryManagement" name="test_save_and_delete_image" time="0.334" /></testsuite></testsuites>