<?xml version="1.0" encoding="utf-8"?><testsuites name="pytest tests"><testsuite name="pytest" errors="0" failures="0" skipped="0" tests="14" time="112.612" timestamp="2026-03-04T07:39:24.240782+00:00" hostname="agent-env-dba8c70f-3981-45f2-9f66-5500903da276"><testcase classname="backend.tests.test_story_creator.TestStoryCreatorEndpoints" name="test_story_pricing_endpoint_accessible" time="0.584" /><testcase classname="backend.tests.test_story_creator.TestStoryCreatorEndpoints" name="test_story_pricing_has_page_credits" time="0.441" /><testcase classname="backend.tests.test_story_creator.TestStoryCreatorEndpoints" name="test_story_pricing_has_art_styles" time="0.474" /><testcase classname="backend.tests.test_story_creator.TestStoryCreatorEndpoints" name="test_story_pricing_has_age_ranges" time="0.416" /><testcase classname="backend.tests.test_story_creator.TestStoryCreatorEndpoints" name="test_story_pricing_has_page_options" time="0.432" /><testcase classname="backend.tests.test_story_creator.TestStoryCreatorEndpoints" name="test_story_trial_status_endpoint" time="0.383" /><testcase classname="backend.tests.test_story_creator.TestStoryCreatorEndpoints" name="test_credits_balance_endpoint" time="0.404" /><testcase classname="backend.tests.test_story_creator.TestStoryCreatorEndpoints" name="test_generate_story_async_requires_auth" time="0.415" /><testcase classname="backend.tests.test_story_creator.TestStoryCreatorEndpoints" name="test_generate_story_async_returns_job_id" time="0.374" /><testcase classname="backend.tests.test_story_creator.TestStoryCreatorEndpoints" name="test_job_status_requires_auth" time="59.412" /><testcase classname="backend.tests.test_story_creator.TestStoryCreatorEndpoints" name="test_job_status_returns_404_for_invalid_job" time="47.917" /><testcase classname="backend.tests.test_story_creator.TestStoryCreatorEndpoints" name="test_active_jobs_endpoint" time="0.444" /><testcase classname="backend.tests.test_story_creator.TestStoryCreatorEndpoints" name="test_job_history_endpoint" time="0.412" /><testcase classname="backend.tests.test_story_creator.TestStoryCreatorIntegration" name="test_credit_cost_matches_page_count" time="0.432" /></testsuite></testsuites>