<?xml version="1.0" encoding="utf-8"?><testsuites name="pytest tests"><testsuite name="pytest" errors="0" failures="0" skipped="0" tests="6" time="1.874" timestamp="2026-02-22T16:00:45.102483+00:00" hostname="agent-env-aba7c576-f680-4c14-aa28-ffe1938d9c18"><testcase classname="backend.tests.test_batch2_book_editor.TestBatch2PDFDownload" name="test_pdf_download_without_auth_fails" time="0.144" /><testcase classname="backend.tests.test_batch2_book_editor.TestBatch2PDFDownload" name="test_pdf_download_with_auth_succeeds" time="0.477" /><testcase classname="backend.tests.test_batch2_book_editor.TestBatch2PDFDownload" name="test_pdf_download_wrong_book_owner" time="0.494" /><testcase classname="backend.tests.test_batch2_book_editor.TestBookEditorAPI" name="test_get_book_loads" time="0.116" /><testcase classname="backend.tests.test_batch2_book_editor.TestBookEditorAPI" name="test_update_book_cover" time="0.453" /><testcase classname="backend.tests.test_batch2_book_editor.TestBookEditorAPI" name="test_get_book_chapters" time="0.138" /></testsuite></testsuites>