<?xml version="1.0" encoding="utf-8"?><testsuites name="pytest tests"><testsuite name="pytest" errors="0" failures="0" skipped="0" tests="12" time="9.074" timestamp="2026-02-23T21:56:55.168417+00:00" hostname="agent-env-1e289492-27cf-4e37-a559-49c73f2bf936"><testcase classname="backend.tests.test_admin_dashboard.TestAdminLogin" name="test_admin_login_success" time="0.300" /><testcase classname="backend.tests.test_admin_dashboard.TestAdminLogin" name="test_admin_login_wrong_username" time="0.130" /><testcase classname="backend.tests.test_admin_dashboard.TestAdminLogin" name="test_admin_login_wrong_password" time="0.108" /><testcase classname="backend.tests.test_admin_dashboard.TestAdminVerify" name="test_admin_verify_valid_token" time="0.385" /><testcase classname="backend.tests.test_admin_dashboard.TestAdminVerify" name="test_admin_verify_invalid_token" time="0.149" /><testcase classname="backend.tests.test_admin_dashboard.TestBookPublishFlow" name="test_request_publish_sets_pending_review" time="0.913" /><testcase classname="backend.tests.test_admin_dashboard.TestAdminPendingReviews" name="test_get_pending_reviews" time="0.268" /><testcase classname="backend.tests.test_admin_dashboard.TestAdminPendingReviews" name="test_pending_reviews_requires_admin_auth" time="0.786" /><testcase classname="backend.tests.test_admin_dashboard.TestAdminModeration" name="test_run_moderation" time="2.301" /><testcase classname="backend.tests.test_admin_dashboard.TestAdminApproveReject" name="test_admin_approve_book" time="1.592" /><testcase classname="backend.tests.test_admin_dashboard.TestAdminApproveReject" name="test_admin_reject_book" time="1.349" /><testcase classname="backend.tests.test_admin_dashboard.TestPublishStatusBadges" name="test_new_book_has_draft_status" time="0.712" /></testsuite></testsuites>