<?xml version="1.0" encoding="utf-8"?><testsuites name="pytest tests"><testsuite name="pytest" errors="0" failures="3" skipped="0" tests="12" time="166.470" timestamp="2026-02-22T09:22:29.021699+00:00" hostname="agent-env-3f08fb43-8f9a-401f-8bbc-c64ea9fbf855"><testcase classname="backend.tests.test_iteration20_features.TestAnimationJobSystem" name="test_animate_image_returns_job_id" time="0.746" /><testcase classname="backend.tests.test_iteration20_features.TestAnimationJobSystem" name="test_animation_status_endpoint_exists" time="59.700" /><testcase classname="backend.tests.test_iteration20_features.TestAnimationJobSystem" name="test_animation_status_for_real_job" time="10.127"><failure message="requests.exceptions.ReadTimeout: HTTPSConnectionPool(host='book-canvas-2.preview.emergentagent.com', port=443): Read timed out. (read timeout=10)">/root/.venv/lib/python3.11/site-packages/urllib3/connectionpool.py:534: in _make_request
    response = conn.getresponse()
               ^^^^^^^^^^^^^^^^^^
/root/.venv/lib/python3.11/site-packages/urllib3/connection.py:571: in getresponse
    httplib_response = super().getresponse()
                       ^^^^^^^^^^^^^^^^^^^^^
/usr/local/lib/python3.11/http/client.py:1395: in getresponse
    response.begin()
/usr/local/lib/python3.11/http/client.py:325: in begin
    version, status, reason = self._read_status()
                              ^^^^^^^^^^^^^^^^^^^
/usr/local/lib/python3.11/http/client.py:286: in _read_status
    line = str(self.fp.readline(_MAXLINE + 1), "iso-8859-1")
               ^^^^^^^^^^^^^^^^^^^^^^^^^^^^^^
/usr/local/lib/python3.11/socket.py:718: in readinto
    return self._sock.recv_into(b)
           ^^^^^^^^^^^^^^^^^^^^^^^
/usr/local/lib/python3.11/ssl.py:1314: in recv_into
    return self.read(nbytes, buffer)
           ^^^^^^^^^^^^^^^^^^^^^^^^^
/usr/local/lib/python3.11/ssl.py:1166: in read
    return self._sslobj.read(len, buffer)
           ^^^^^^^^^^^^^^^^^^^^^^^^^^^^^^
E   TimeoutError: The read operation timed out

The above exception was the direct cause of the following exception:
/root/.venv/lib/python3.11/site-packages/requests/adapters.py:644: in send
    resp = conn.urlopen(
/root/.venv/lib/python3.11/site-packages/urllib3/connectionpool.py:841: in urlopen
    retries = retries.increment(
/root/.venv/lib/python3.11/site-packages/urllib3/util/retry.py:490: in increment
    raise reraise(type(error), error, _stacktrace)
          ^^^^^^^^^^^^^^^^^^^^^^^^^^^^^^^^^^^^^^^^
/root/.venv/lib/python3.11/site-packages/urllib3/util/util.py:39: in reraise
    raise value
/root/.venv/lib/python3.11/site-packages/urllib3/connectionpool.py:787: in urlopen
    response = self._make_request(
/root/.venv/lib/python3.11/site-packages/urllib3/connectionpool.py:536: in _make_request
    self._raise_timeout(err=e, url=url, timeout_value=read_timeout)
/root/.venv/lib/python3.11/site-packages/urllib3/connectionpool.py:367: in _raise_timeout
    raise ReadTimeoutError(
E   urllib3.exceptions.ReadTimeoutError: HTTPSConnectionPool(host='book-canvas-2.preview.emergentagent.com', port=443): Read timed out. (read timeout=10)

During handling of the above exception, another exception occurred:
backend/tests/test_iteration20_features.py:92: in test_animation_status_for_real_job
    start_response = requests.post(f"{BASE_URL}/api/art-studio/animate-image",
/root/.venv/lib/python3.11/site-packages/requests/api.py:115: in post
    return request("post", url, data=data, json=json, **kwargs)
           ^^^^^^^^^^^^^^^^^^^^^^^^^^^^^^^^^^^^^^^^^^^^^^^^^^^^
/root/.venv/lib/python3.11/site-packages/requests/api.py:59: in request
    return session.request(method=method, url=url, **kwargs)
           ^^^^^^^^^^^^^^^^^^^^^^^^^^^^^^^^^^^^^^^^^^^^^^^^^
/root/.venv/lib/python3.11/site-packages/requests/sessions.py:589: in request
    resp = self.send(prep, **send_kwargs)
           ^^^^^^^^^^^^^^^^^^^^^^^^^^^^^^
/root/.venv/lib/python3.11/site-packages/requests/sessions.py:703: in send
    r = adapter.send(request, **kwargs)
        ^^^^^^^^^^^^^^^^^^^^^^^^^^^^^^^
/root/.venv/lib/python3.11/site-packages/requests/adapters.py:690: in send
    raise ReadTimeout(e, request=request)
E   requests.exceptions.ReadTimeout: HTTPSConnectionPool(host='book-canvas-2.preview.emergentagent.com', port=443): Read timed out. (read timeout=10)</failure></testcase><testcase classname="backend.tests.test_iteration20_features.TestArtStudioGenerateExpertMode" name="test_generate_accepts_expert_mode_flag" time="60.127"><failure message="AssertionError: Unexpected status: 520&#10;assert 520 in [200, 500]&#10; +  where 520 = &lt;Response [520]&gt;.status_code">backend/tests/test_iteration20_features.py:150: in test_generate_accepts_expert_mode_flag
    assert response.status_code in [200, 500], f"Unexpected status: {response.status_code}"
E   AssertionError: Unexpected status: 520
E   assert 520 in [200, 500]
E    +  where 520 = &lt;Response [520]&gt;.status_code</failure></testcase><testcase classname="backend.tests.test_iteration20_features.TestArtStudioGenerateExpertMode" name="test_generate_accepts_reference_images" time="28.324"><failure message="AssertionError: Unexpected status: 520&#10;assert 520 in [200, 500]&#10; +  where 520 = &lt;Response [520]&gt;.status_code">backend/tests/test_iteration20_features.py:178: in test_generate_accepts_reference_images
    assert response.status_code in [200, 500], f"Unexpected status: {response.status_code}"
E   AssertionError: Unexpected status: 520
E   assert 520 in [200, 500]
E    +  where 520 = &lt;Response [520]&gt;.status_code</failure></testcase><testcase classname="backend.tests.test_iteration20_features.TestGalleryTypeFilter" name="test_gallery_returns_all_items" time="5.320" /><testcase classname="backend.tests.test_iteration20_features.TestGalleryTypeFilter" name="test_gallery_filter_by_images" time="0.193" /><testcase classname="backend.tests.test_iteration20_features.TestGalleryTypeFilter" name="test_gallery_filter_by_animations" time="0.106" /><testcase classname="backend.tests.test_iteration20_features.TestBooksStillWork" name="test_get_published_books" time="0.633" /><testcase classname="backend.tests.test_iteration20_features.TestBooksStillWork" name="test_get_my_books" time="0.138" /><testcase classname="backend.tests.test_iteration20_features.TestBooksStillWork" name="test_get_book_details" time="0.727" /><testcase classname="backend.tests.test_iteration20_features.TestScenePresetsHaveThumbnails" name="test_scene_presets_endpoint_exists" time="0.112" /></testsuite></testsuites>