<?xml version="1.0" encoding="utf-8"?><testsuites name="pytest tests"><testsuite name="pytest" errors="0" failures="0" skipped="1" tests="13" time="4.657" timestamp="2026-02-17T22:30:33.958459+00:00" hostname="agent-env-af6eaf4e-433c-45a0-b0e2-b579b85347fc"><testcase classname="backend.tests.test_iteration7_features.TestAuthAndSetup" name="test_login_success" time="0.463" /><testcase classname="backend.tests.test_iteration7_features.TestAuthAndSetup" name="test_genres_endpoint" time="0.158" /><testcase classname="backend.tests.test_iteration7_features.TestAuthAndSetup" name="test_voices_endpoint" time="0.198" /><testcase classname="backend.tests.test_iteration7_features.TestSeriesManagement" name="test_get_series_list" time="0.501" /><testcase classname="backend.tests.test_iteration7_features.TestSeriesManagement" name="test_create_series" time="0.286" /><testcase classname="backend.tests.test_iteration7_features.TestSeriesManagement" name="test_series_has_books_array" time="0.162" /><testcase classname="backend.tests.test_iteration7_features.TestSeriesManagement" name="test_add_book_to_series" time="0.600" /><testcase classname="backend.tests.test_iteration7_features.TestSeriesManagement" name="test_remove_book_from_series" time="0.114"><skipped type="pytest.skip" message="No book in series to test removal">/app/backend/tests/test_iteration7_features.py:163: No book in series to test removal</skipped></testcase><testcase classname="backend.tests.test_iteration7_features.TestBookSearch" name="test_get_my_books" time="0.557" /><testcase classname="backend.tests.test_iteration7_features.TestBookSearch" name="test_book_has_series_info" time="0.144" /><testcase classname="backend.tests.test_iteration7_features.TestBookReader" name="test_voices_for_narrator" time="0.117" /><testcase classname="backend.tests.test_iteration7_features.TestBookReader" name="test_book_has_narrator_voice" time="0.495" /><testcase classname="backend.tests.test_iteration7_features.TestCleanup" name="test_cleanup_test_series" time="0.795" /></testsuite></testsuites>