<?xml version="1.0" encoding="utf-8"?><testsuites name="pytest tests"><testsuite name="pytest" errors="0" failures="2" skipped="0" tests="11" time="5.565" timestamp="2026-02-21T23:55:14.746556+00:00" hostname="agent-env-3f08fb43-8f9a-401f-8bbc-c64ea9fbf855"><testcase classname="backend.tests.test_iteration19_features.TestPublishedBooks" name="test_published_books_count" time="0.590" /><testcase classname="backend.tests.test_iteration19_features.TestPublishedBooks" name="test_books_have_detailed_content" time="0.643"><failure message="AssertionError: Book 'Super Silly Superhero' has only 2 pages, expected 9+&#10;assert 2 &gt;= 9&#10; +  where 2 = &lt;built-in method get of dict object at 0xfd97ddf34940&gt;('total_pages', 0)&#10; +    where &lt;built-in method get of dict object at 0xfd97ddf34940&gt; = {'age_rating': 'All Ages', 'author_id': 'azories-system', 'author_name': 'Azories Stories', 'back_cover_image': '', ...}.get">backend/tests/test_iteration19_features.py:52: in test_books_have_detailed_content
    assert book.get("total_pages", 0) &gt;= 9, \
E   AssertionError: Book 'Super Silly Superhero' has only 2 pages, expected 9+
E   assert 2 &gt;= 9
E    +  where 2 = &lt;built-in method get of dict object at 0xfd97ddf34940&gt;('total_pages', 0)
E    +    where &lt;built-in method get of dict object at 0xfd97ddf34940&gt; = {'age_rating': 'All Ages', 'author_id': 'azories-system', 'author_name': 'Azories Stories', 'back_cover_image': '', ...}.get</failure></testcase><testcase classname="backend.tests.test_iteration19_features.TestPublishedBooks" name="test_book_chapters_have_pages_with_text" time="0.943" /><testcase classname="backend.tests.test_iteration19_features.TestBookFullEndpoint" name="test_book_full_returns_chapters_and_pages" time="0.651"><failure message="AssertionError: Book should have chapters&#10;assert 0 &gt; 0&#10; +  where 0 = len([])">backend/tests/test_iteration19_features.py:98: in test_book_full_returns_chapters_and_pages
    assert len(data["chapters"]) &gt; 0, "Book should have chapters"
E   AssertionError: Book should have chapters
E   assert 0 &gt; 0
E    +  where 0 = len([])</failure></testcase><testcase classname="backend.tests.test_iteration19_features.TestAnimationFeatures" name="test_save_animation_endpoint" time="0.589" /><testcase classname="backend.tests.test_iteration19_features.TestAnimationFeatures" name="test_gallery_type_filter_all" time="0.115" /><testcase classname="backend.tests.test_iteration19_features.TestAnimationFeatures" name="test_gallery_type_filter_images" time="0.154" /><testcase classname="backend.tests.test_iteration19_features.TestAnimationFeatures" name="test_gallery_type_filter_animations" time="0.101" /><testcase classname="backend.tests.test_iteration19_features.TestProTrialForNewUsers" name="test_new_user_gets_pro_trial" time="0.719" /><testcase classname="backend.tests.test_iteration19_features.TestBookReaderPagesStructure" name="test_full_book_pages_are_content_only" time="0.560" /><testcase classname="backend.tests.test_iteration19_features.TestGalleryManagement" name="test_save_and_delete_image" time="0.399" /></testsuite></testsuites>