<?xml version="1.0" encoding="utf-8"?><testsuites name="pytest tests"><testsuite name="pytest" errors="0" failures="0" skipped="0" tests="6" time="2.859" timestamp="2026-02-21T20:05:57.090261+00:00" hostname="agent-env-a4354c8a-0472-479c-90ed-2b1f2f0e1fbd"><testcase classname="backend.tests.test_art_studio_gallery_integration.TestArtStudioGalleryIntegration" name="test_gallery_api_returns_images" time="0.429" /><testcase classname="backend.tests.test_art_studio_gallery_integration.TestArtStudioGalleryIntegration" name="test_gallery_api_with_book_id_filter" time="0.453" /><testcase classname="backend.tests.test_art_studio_gallery_integration.TestArtStudioGalleryIntegration" name="test_save_to_gallery_with_book_assignment" time="0.721" /><testcase classname="backend.tests.test_art_studio_gallery_integration.TestArtStudioGalleryIntegration" name="test_save_to_gallery_without_book_id" time="0.636" /><testcase classname="backend.tests.test_art_studio_gallery_integration.TestArtStudioGalleryIntegration" name="test_gallery_requires_authentication" time="0.563" /><testcase classname="backend.tests.test_art_studio_gallery_integration.TestScenePresets" name="test_scene_presets_count" time="0.001" /></testsuite></testsuites>