<?xml version="1.0" encoding="utf-8"?><testsuites name="pytest tests"><testsuite name="pytest" errors="0" failures="0" skipped="0" tests="21" time="5.329" timestamp="2026-02-17T19:48:28.081165+00:00" hostname="agent-env-6d961379-cec2-4a59-bee1-ce6d636c36c3"><testcase classname="backend.tests.test_azories_api.TestHealthAndBasicEndpoints" name="test_api_root" time="0.192" /><testcase classname="backend.tests.test_azories_api.TestHealthAndBasicEndpoints" name="test_genres_endpoint" time="0.134" /><testcase classname="backend.tests.test_azories_api.TestHealthAndBasicEndpoints" name="test_age_ratings_endpoint" time="0.169" /><testcase classname="backend.tests.test_azories_api.TestVoicesAPI" name="test_voices_returns_list" time="0.194" /><testcase classname="backend.tests.test_azories_api.TestVoicesAPI" name="test_voice_has_required_fields" time="0.140" /><testcase classname="backend.tests.test_azories_api.TestVoicesAPI" name="test_voice_has_optional_fields" time="0.148" /><testcase classname="backend.tests.test_azories_api.TestBooksAPI" name="test_books_returns_list" time="0.299" /><testcase classname="backend.tests.test_azories_api.TestBooksAPI" name="test_book_has_required_fields" time="0.123" /><testcase classname="backend.tests.test_azories_api.TestBooksAPI" name="test_books_filter_by_genre" time="0.147" /><testcase classname="backend.tests.test_azories_api.TestBooksAPI" name="test_books_search" time="0.208" /><testcase classname="backend.tests.test_azories_api.TestBooksAPI" name="test_featured_books_endpoint" time="0.139" /><testcase classname="backend.tests.test_azories_api.TestBookReaderAPIs" name="test_get_single_book" time="0.390" /><testcase classname="backend.tests.test_azories_api.TestBookReaderAPIs" name="test_get_book_chapters" time="0.328" /><testcase classname="backend.tests.test_azories_api.TestBookReaderAPIs" name="test_get_chapter_pages" time="0.563" /><testcase classname="backend.tests.test_azories_api.TestBookReaderAPIs" name="test_book_full_content_endpoint" time="0.303" /><testcase classname="backend.tests.test_azories_api.TestBookReaderAPIs" name="test_book_preview_endpoint" time="0.283" /><testcase classname="backend.tests.test_azories_api.TestBookReaderAPIs" name="test_nonexistent_book_returns_404" time="0.284" /><testcase classname="backend.tests.test_azories_api.TestAuthenticationFlow" name="test_register_and_login" time="0.748" /><testcase classname="backend.tests.test_azories_api.TestAuthenticationFlow" name="test_invalid_login" time="0.123" /><testcase classname="backend.tests.test_azories_api.TestLibraryPageData" name="test_books_have_cover_info_for_grid" time="0.177" /><testcase classname="backend.tests.test_azories_api.TestLibraryPageData" name="test_books_have_3d_bookshelf_info" time="0.161" /></testsuite></testsuites>