<?xml version="1.0" encoding="utf-8"?><testsuites name="pytest tests"><testsuite name="pytest" errors="0" failures="1" skipped="0" tests="22" time="8.612" timestamp="2026-02-25T21:13:05.905726+00:00" hostname="agent-env-505328d3-2669-4022-9e41-991993cd551e"><testcase classname="tests.test_pre_deployment_iter34.TestAuthAPI" name="test_login_vip_user" time="0.561" /><testcase classname="tests.test_pre_deployment_iter34.TestAuthAPI" name="test_login_invalid_credentials" time="0.171" /><testcase classname="tests.test_pre_deployment_iter34.TestAuthAPI" name="test_auth_me_requires_token" time="0.184" /><testcase classname="tests.test_pre_deployment_iter34.TestAuthAPI" name="test_auth_me_with_valid_token" time="0.527" /><testcase classname="tests.test_pre_deployment_iter34.TestRegistrationAPI" name="test_register_duplicate_email_fails" time="0.216" /><testcase classname="tests.test_pre_deployment_iter34.TestGalleryAPI" name="test_unified_gallery_endpoint" time="0.624" /><testcase classname="tests.test_pre_deployment_iter34.TestGalleryAPI" name="test_unified_gallery_with_filter" time="0.339" /><testcase classname="tests.test_pre_deployment_iter34.TestGalleryAPI" name="test_unified_gallery_pagination" time="0.176" /><testcase classname="tests.test_pre_deployment_iter34.TestBooksAPI" name="test_get_books_public" time="0.207" /><testcase classname="tests.test_pre_deployment_iter34.TestBooksAPI" name="test_get_my_books" time="0.187" /><testcase classname="tests.test_pre_deployment_iter34.TestBooksAPI" name="test_create_book" time="0.509" /><testcase classname="tests.test_pre_deployment_iter34.TestBooksAPI" name="test_get_featured_books" time="0.247" /><testcase classname="tests.test_pre_deployment_iter34.TestProStudioAPI" name="test_get_characters" time="1.453" /><testcase classname="tests.test_pre_deployment_iter34.TestProStudioAPI" name="test_get_scenes" time="0.181" /><testcase classname="tests.test_pre_deployment_iter34.TestProStudioAPI" name="test_get_character_styles" time="0.133" /><testcase classname="tests.test_pre_deployment_iter34.TestProStudioAPI" name="test_get_character_genres" time="0.130" /><testcase classname="tests.test_pre_deployment_iter34.TestProStudioAPI" name="test_get_scene_options" time="0.142" /><testcase classname="tests.test_pre_deployment_iter34.TestCreditsAPI" name="test_get_credits_balance" time="0.158" /><testcase classname="tests.test_pre_deployment_iter34.TestVoicesAndModels" name="test_get_voices" time="1.916" /><testcase classname="tests.test_pre_deployment_iter34.TestVoicesAndModels" name="test_get_fal_models" time="0.141" /><testcase classname="tests.test_pre_deployment_iter34.TestStarterLibrary" name="test_get_starter_library" time="0.170"><failure message="assert 404 == 200&#10; +  where 404 = &lt;Response [404]&gt;.status_code">tests/test_pre_deployment_iter34.py:322: in test_get_starter_library
    assert response.status_code == 200
E   assert 404 == 200
E    +  where 404 = &lt;Response [404]&gt;.status_code</failure></testcase><testcase classname="tests.test_pre_deployment_iter34.TestVideosAPI" name="test_get_videos" time="0.141" /></testsuite></testsuites>