<?xml version="1.0" encoding="utf-8"?><testsuites name="pytest tests"><testsuite name="pytest" errors="0" failures="0" skipped="0" tests="12" time="7.774" timestamp="2026-02-24T14:24:46.650454+00:00" hostname="agent-env-1ca9f5cb-747a-4366-a005-8828c467dd4c"><testcase classname="backend.tests.test_async_task_polling.TestAsyncTaskPolling" name="test_01_login_vip_user" time="0.481" /><testcase classname="backend.tests.test_async_task_polling.TestAsyncTaskPolling" name="test_02_generate_shots_returns_task_id" time="0.504" /><testcase classname="backend.tests.test_async_task_polling.TestAsyncTaskPolling" name="test_03_task_status_endpoint" time="0.115" /><testcase classname="backend.tests.test_async_task_polling.TestAsyncTaskPolling" name="test_04_task_status_has_progress" time="2.106" /><testcase classname="backend.tests.test_async_task_polling.TestAsyncTaskPolling" name="test_05_task_not_found_for_invalid_id" time="0.059" /><testcase classname="backend.tests.test_async_task_polling.TestAsyncTaskPolling" name="test_06_task_authorization" time="0.138" /><testcase classname="backend.tests.test_async_task_polling.TestAsyncTaskPolling" name="test_07_animate_hero_returns_task_id" time="0.062" /><testcase classname="backend.tests.test_async_task_polling.TestAsyncTaskPolling" name="test_08_video_task_status" time="0.124" /><testcase classname="backend.tests.test_async_task_polling.TestCharacterGalleryInShots" name="test_01_get_user_characters" time="1.418" /><testcase classname="backend.tests.test_async_task_polling.TestCharacterGalleryInShots" name="test_02_character_has_gallery_endpoint" time="1.263" /><testcase classname="backend.tests.test_async_task_polling.TestCharacterGalleryInShots" name="test_03_character_has_thumbnail" time="0.901" /><testcase classname="backend.tests.test_async_task_polling.TestCreditSystem" name="test_01_vip_user_can_generate_without_credits" time="0.532" /></testsuite></testsuites>