<?xml version="1.0" encoding="utf-8"?><testsuites name="pytest tests"><testsuite name="pytest" errors="0" failures="0" skipped="0" tests="12" time="151.270" timestamp="2026-02-22T12:44:48.338168+00:00" hostname="agent-env-ee730016-76f9-43ad-97f4-f17ef04439d4"><testcase classname="backend.tests.test_pro_studio.TestProStudioAuth" name="test_characters_requires_auth" time="0.222" /><testcase classname="backend.tests.test_pro_studio.TestProStudioAuth" name="test_generate_image_requires_auth" time="0.134" /><testcase classname="backend.tests.test_pro_studio.TestProStudioCharacters" name="test_get_characters_empty" time="0.418" /><testcase classname="backend.tests.test_pro_studio.TestProStudioCharacters" name="test_create_character_requires_3_images" time="0.163" /><testcase classname="backend.tests.test_pro_studio.TestProStudioCharacters" name="test_create_character_validation" time="0.144" /><testcase classname="backend.tests.test_pro_studio.TestProStudioCinemaStudio" name="test_generate_image_with_cinema_settings" time="13.633" /><testcase classname="backend.tests.test_pro_studio.TestProStudioCinemaStudio" name="test_generate_image_minimal" time="14.189" /><testcase classname="backend.tests.test_pro_studio.TestProStudioShots" name="test_generate_shots_requires_image" time="0.447" /><testcase classname="backend.tests.test_pro_studio.TestProStudioShots" name="test_generate_shots_structure" time="60.092" /><testcase classname="backend.tests.test_pro_studio.TestProStudioVideo" name="test_animate_hero_requires_image" time="58.703" /><testcase classname="backend.tests.test_pro_studio.TestProStudioVideo" name="test_animate_hero_accepts_sora2" time="0.162" /><testcase classname="backend.tests.test_pro_studio.TestProStudioExpression" name="test_generate_expression_requires_character" time="2.857" /></testsuite></testsuites>