<?xml version="1.0" encoding="utf-8"?><testsuites name="pytest tests"><testsuite name="pytest" errors="0" failures="0" skipped="0" tests="6" time="31.782" timestamp="2026-03-01T11:05:34.347895+00:00" hostname="agent-env-b01e3d95-8cd3-4401-926b-d5b2e86a218b"><testcase classname="backend.tests.test_ai_story_page_count.TestAIStoryPageCount" name="test_api_health" time="0.176" /><testcase classname="backend.tests.test_ai_story_page_count.TestAIStoryPageCount" name="test_ai_story_trial_status" time="0.452" /><testcase classname="backend.tests.test_ai_story_page_count.TestAIStoryPageCount" name="test_credit_balance" time="0.092" /><testcase classname="backend.tests.test_ai_story_page_count.TestAIStoryPageCount" name="test_generate_story_5_pages" time="30.347" /><testcase classname="backend.tests.test_ai_story_page_count.TestAIStoryPageCount" name="test_verify_book_pages" time="0.372" /><testcase classname="backend.tests.test_ai_story_page_count.TestMobileLayoutElements" name="test_book_editor_accessible" time="0.134" /></testsuite></testsuites>