<?xml version="1.0" encoding="utf-8"?><testsuites name="pytest tests"><testsuite name="pytest" errors="0" failures="0" skipped="0" tests="9" time="3.522" timestamp="2026-02-21T10:38:58.329144+00:00" hostname="agent-env-027ea5d2-499b-4d64-b9a8-0779eef71d33"><testcase classname="tests.test_iteration11_3d_library.TestAmbientSounds" name="test_forest_sound_returns_audio" time="0.766" /><testcase classname="tests.test_iteration11_3d_library.TestAmbientSounds" name="test_ocean_sound_returns_audio" time="0.552" /><testcase classname="tests.test_iteration11_3d_library.TestAmbientSounds" name="test_rain_sound_returns_audio" time="0.386" /><testcase classname="tests.test_iteration11_3d_library.TestAmbientSounds" name="test_invalid_sound_returns_404" time="0.116" /><testcase classname="tests.test_iteration11_3d_library.TestAIReadingBuddy" name="test_reading_buddy_endpoint_exists" time="0.438" /><testcase classname="tests.test_iteration11_3d_library.TestBookRecommendations" name="test_user_recommendations_endpoint" time="0.457" /><testcase classname="tests.test_iteration11_3d_library.TestBookRecommendations" name="test_books_fallback_for_recommendations" time="0.469" /><testcase classname="tests.test_iteration11_3d_library.TestBooksEndpoint" name="test_get_published_books" time="0.139" /><testcase classname="tests.test_iteration11_3d_library.TestBooksEndpoint" name="test_get_featured_books" time="0.141" /></testsuite></testsuites>