<?xml version="1.0" encoding="utf-8"?><testsuites name="pytest tests"><testsuite name="pytest" errors="0" failures="0" skipped="1" tests="13" time="5.931" timestamp="2026-03-03T21:18:58.720330+00:00" hostname="agent-env-dba8c70f-3981-45f2-9f66-5500903da276"><testcase classname="tests.test_p0_features.TestHealthEndpoints" name="test_health_endpoint" time="3.259" /><testcase classname="tests.test_p0_features.TestAuthFlow" name="test_login_success" time="0.568" /><testcase classname="tests.test_p0_features.TestAuthFlow" name="test_get_current_user" time="0.449" /><testcase classname="tests.test_p0_features.TestProStudioEndpoints" name="test_character_styles" time="0.114" /><testcase classname="tests.test_p0_features.TestProStudioEndpoints" name="test_character_genres" time="0.159" /><testcase classname="tests.test_p0_features.TestProStudioEndpoints" name="test_scene_options" time="0.204" /><testcase classname="tests.test_p0_features.TestProStudioEndpoints" name="test_get_characters" time="0.134" /><testcase classname="tests.test_p0_features.TestProStudioEndpoints" name="test_get_scenes" time="0.116" /><testcase classname="tests.test_p0_features.TestVideoModels" name="test_fal_models_endpoint" time="0.192" /><testcase classname="tests.test_p0_features.TestVeo31Integration" name="test_animate_hero_endpoint_accepts_veo31" time="0.118" /><testcase classname="tests.test_p0_features.TestCharacterGallery" name="test_unified_gallery_endpoint" time="0.278" /><testcase classname="tests.test_p0_features.TestCharacterGallery" name="test_character_gallery_with_videos" time="0.107" /><testcase classname="tests.test_p0_features.TestExpressionGeneration" name="test_expression_endpoint_exists" time="0.160"><skipped type="pytest.skip" message="No characters available for expression test">/app/backend/tests/test_p0_features.py:260: No characters available for expression test</skipped></testcase></testsuite></testsuites>